<?xml version="1.0" encoding="UTF-8"?>
<!-- Generated by org.testng.reporters.JUnitReportReporter -->
<testsuite hostname="LAPTOP-KPEQ55GB" failures="0" tests="1" name="Red.PackageChecking" time="3.090" errors="0" timestamp="2023-11-07T19:49:12 IST" skipped="0">
  <testcase classname="Red.PackageChecking" name="test" time="3.090"/>
</testsuite> <!-- Red.PackageChecking -->
