<?xml version="1.0" encoding="UTF-8"?>
<!-- Generated by org.testng.reporters.JUnitReportReporter -->
<testsuite hostname="LAPTOP-KPEQ55GB" failures="0" tests="1" name="Red.Tabs" time="6.901" errors="0" timestamp="2023-10-29T17:19:04 IST" skipped="0">
  <testcase classname="Red.Tabs" name="Multitabs" time="6.901"/>
</testsuite> <!-- Red.Tabs -->
