<?xml version="1.0" encoding="UTF-8"?>
<!-- Generated by org.testng.reporters.JUnitReportReporter -->
<testsuite hostname="LAPTOP-KPEQ55GB" failures="0" tests="3" name="Red.Scenario1" time="20.978" errors="0" timestamp="2023-10-30T12:28:31 IST" skipped="2">
  <testcase classname="Red.Scenario1" name="Multitabs" time="20.978"/>
  <testcase classname="Red.Scenario1" name="Scenario1">
    <skipped/>
  </testcase> <!-- Scenario1 -->
  <testcase classname="Red.Scenario1" name="Scenario2">
    <skipped/>
  </testcase> <!-- Scenario2 -->
</testsuite> <!-- Red.Scenario1 -->
